<?xml version="1.0" encoding="UTF-8" ?>
<testsuites>
  <testsuite errors="0" failures="0" hostname="testing-worker-linux-40500720-1-8412-linux-6-14178809" id="0" name="TestAirQualitySynchronisation" package="com.paconsulting.puffin.gae.test.business" tests="11" time="3.839" timestamp="2015-02-26T15:32:40">
      <properties>
[...]
</properties>

      <testcase classname="com.paconsulting.puffin.gae.test.business.TestAirQualitySynchronisation" name="testDailyRecordOneGreen" time="1.697" />

      <testcase classname="com.paconsulting.puffin.gae.test.business.TestAirQualitySynchronisation" name="testDailyRecordOneAmber" time="0.21" />

      <testcase classname="com.paconsulting.puffin.gae.test.business.TestAirQualitySynchronisation" name="testDailyRecordOneRed" time="0.197" />

      <testcase classname="com.paconsulting.puffin.gae.test.business.TestAirQualitySynchronisation" name="testDailyRecordOneGreenAmberRed" time="0.195" />

      <testcase classname="com.paconsulting.puffin.gae.test.business.TestAirQualitySynchronisation" name="testDailyRecordSixGreenFourAmberTwoRed" time="0.269" />

      <testcase classname="com.paconsulting.puffin.gae.test.business.TestAirQualitySynchronisation" name="testDailyRecordAppendToExistingRecord" time="0.239" />

      <testcase classname="com.paconsulting.puffin.gae.test.business.TestAirQualitySynchronisation" name="testSynchroniseEmptyList" time="0.116" />

      <testcase classname="com.paconsulting.puffin.gae.test.business.TestAirQualitySynchronisation" name="testSynchroniseNullList" time="0.117" />

      <testcase classname="com.paconsulting.puffin.gae.test.business.TestAirQualitySynchronisation" name="testSynchronisingSameDataTwice" time="0.243" />

      <testcase classname="com.paconsulting.puffin.gae.test.business.TestAirQualitySynchronisation" name="testSynchronisationForBeacon" time="0.197" />

      <testcase classname="com.paconsulting.puffin.gae.test.business.TestAirQualitySynchronisation" name="testSynchronisationOfDataOverTwoDays" time="0.217" />

      <system-out><![CDATA[UDAQR: id [2], start [1424908800000], end [1424995199000], low [0], med [0], high [0],
]]></system-out>

      <system-err><![CDATA[Feb 26, 2015 3:32:41 PM com.google.appengine.api.datastore.dev.LocalDatastoreService init
INFO: Local Datastore initialized: 
	Type: Master/Slave
	Storage: In-memory
Feb 26, 2015 3:32:41 PM com.paconsulting.puffin.gae.business.AirTagManager synchronise
INFO: Synchronising Air Quality readings.  user [Forename Surname], air tag identifier [Test], air tag type [AIRTAG]
Feb 26, 2015 3:32:41 PM com.paconsulting.puffin.gae.business.AirTagManager synchronise
INFO: Air Tag Configuration [null]
Feb 26, 2015 3:32:41 PM com.paconsulting.puffin.gae.business.AirTagManager correctReading
INFO: Corrected Air Tag Reading: CO ADC [285.0], Offset CO ADC [285.0], Corrected CO ADC [11.0], Temp ADC [153.0], Temp Correction Factor [0.9179692418658515], CO PPM [10.097661660524366], Temp C [22.709900000000005]
Feb 26, 2015 3:32:41 PM com.paconsulting.puffin.gae.business.UserManager getAirQualityRecordFor
INFO: get UDAQR: timestamp [1424964761559], morning timestamp [1424908800000]
Feb 26, 2015 3:32:41 PM com.paconsulting.puffin.gae.business.AirTagManager synchronise
INFO: Synchronising (writing) [1] readings.
Feb 26, 2015 3:32:41 PM com.paconsulting.puffin.gae.business.UserManager getAirQualityRecordFor
INFO: get UDAQR: timestamp [1424964761919], morning timestamp [1424908800000]
Feb 26, 2015 3:32:42 PM com.google.appengine.api.datastore.dev.LocalDatastoreService init
INFO: Local Datastore initialized: 
	Type: Master/Slave
	Storage: In-memory
Feb 26, 2015 3:32:42 PM com.paconsulting.puffin.gae.business.AirTagManager synchronise
INFO: Synchronising Air Quality readings.  user [Forename Surname], air tag identifier [Test], air tag type [AIRTAG]
Feb 26, 2015 3:32:42 PM com.paconsulting.puffin.gae.business.AirTagManager synchronise
INFO: Air Tag Configuration [null]
Feb 26, 2015 3:32:42 PM com.paconsulting.puffin.gae.business.AirTagManager correctReading
INFO: Corrected Air Tag Reading: CO ADC [450.0], Offset CO ADC [450.0], Corrected CO ADC [54.42105263157896], Temp ADC [153.0], Temp Correction Factor [0.9179692418658515], CO PPM [49.95685242575214], Temp C [22.709900000000005]
Feb 26, 2015 3:32:42 PM com.paconsulting.puffin.gae.business.UserManager getAirQualityRecordFor
INFO: get UDAQR: timestamp [1424964762062], morning timestamp [1424908800000]
Feb 26, 2015 3:32:42 PM com.paconsulting.puffin.gae.business.AirTagManager synchronise
INFO: Synchronising (writing) [1] readings.
Feb 26, 2015 3:32:42 PM com.paconsulting.puffin.gae.business.UserManager getAirQualityRecordFor
INFO: get UDAQR: timestamp [1424964762136], morning timestamp [1424908800000]
Feb 26, 2015 3:32:42 PM com.google.appengine.api.datastore.dev.LocalDatastoreService init
INFO: Local Datastore initialized: 
	Type: Master/Slave
	Storage: In-memory
Feb 26, 2015 3:32:42 PM com.paconsulting.puffin.gae.business.AirTagManager synchronise
INFO: Synchronising Air Quality readings.  user [Forename Surname], air tag identifier [Test], air tag type [AIRTAG]
Feb 26, 2015 3:32:42 PM com.paconsulting.puffin.gae.business.AirTagManager synchronise
INFO: Air Tag Configuration [null]
Feb 26, 2015 3:32:42 PM com.paconsulting.puffin.gae.business.AirTagManager correctReading
INFO: Corrected Air Tag Reading: CO ADC [1100.0], Offset CO ADC [1100.0], Corrected CO ADC [225.47368421052636], Temp ADC [153.0], Temp Correction Factor [0.9179692418658515], CO PPM [206.97790695543728], Temp C [22.709900000000005]
Feb 26, 2015 3:32:42 PM com.paconsulting.puffin.gae.business.UserManager getAirQualityRecordFor
INFO: get UDAQR: timestamp [1424964762260], morning timestamp [1424908800000]
Feb 26, 2015 3:32:42 PM com.paconsulting.puffin.gae.business.AirTagManager synchronise
INFO: Synchronising (writing) [1] readings.
Feb 26, 2015 3:32:42 PM com.paconsulting.puffin.gae.business.UserManager getAirQualityRecordFor
INFO: get UDAQR: timestamp [1424964762333], morning timestamp [1424908800000]
Feb 26, 2015 3:32:42 PM com.google.appengine.api.datastore.dev.LocalDatastoreService init
INFO: Local Datastore initialized: 
	Type: Master/Slave
	Storage: In-memory
Feb 26, 2015 3:32:42 PM com.paconsulting.puffin.gae.business.AirTagManager synchronise
INFO: Synchronising Air Quality readings.  user [Forename Surname], air tag identifier [Test], air tag type [AIRTAG]
Feb 26, 2015 3:32:42 PM com.paconsulting.puffin.gae.business.AirTagManager synchronise
INFO: Air Tag Configuration [null]
Feb 26, 2015 3:32:42 PM com.paconsulting.puffin.gae.business.AirTagManager correctReading
INFO: Corrected Air Tag Reading: CO ADC [285.0], Offset CO ADC [285.0], Corrected CO ADC [11.0], Temp ADC [153.0], Temp Correction Factor [0.9179692418658515], CO PPM [10.097661660524366], Temp C [22.709900000000005]
Feb 26, 2015 3:32:42 PM com.paconsulting.puffin.gae.business.UserManager getAirQualityRecordFor
INFO: get UDAQR: timestamp [1424964762444], morning timestamp [1424908800000]
Feb 26, 2015 3:32:42 PM com.paconsulting.puffin.gae.business.AirTagManager correctReading
INFO: Corrected Air Tag Reading: CO ADC [450.0], Offset CO ADC [450.0], Corrected CO ADC [54.42105263157896], Temp ADC [153.0], Temp Correction Factor [0.9179692418658515], CO PPM [49.95685242575214], Temp C [22.709900000000005]
Feb 26, 2015 3:32:42 PM com.paconsulting.puffin.gae.business.AirTagManager correctReading
INFO: Corrected Air Tag Reading: CO ADC [1100.0], Offset CO ADC [1100.0], Corrected CO ADC [225.47368421052636], Temp ADC [153.0], Temp Correction Factor [0.9179692418658515], CO PPM [206.97790695543728], Temp C [22.709900000000005]
Feb 26, 2015 3:32:42 PM com.paconsulting.puffin.gae.business.AirTagManager synchronise
INFO: Synchronising (writing) [3] readings.
Feb 26, 2015 3:32:42 PM com.paconsulting.puffin.gae.business.UserManager getAirQualityRecordFor
INFO: get UDAQR: timestamp [1424964762530], morning timestamp [1424908800000]
Feb 26, 2015 3:32:42 PM com.google.appengine.api.datastore.dev.LocalDatastoreService init
INFO: Local Datastore initialized: 
	Type: Master/Slave
	Storage: In-memory
Feb 26, 2015 3:32:42 PM com.paconsulting.puffin.gae.business.AirTagManager synchronise
INFO: Synchronising Air Quality readings.  user [Forename Surname], air tag identifier [Test], air tag type [AIRTAG]
Feb 26, 2015 3:32:42 PM com.paconsulting.puffin.gae.business.AirTagManager synchronise
INFO: Air Tag Configuration [null]
Feb 26, 2015 3:32:42 PM com.paconsulting.puffin.gae.business.AirTagManager correctReading
INFO: Corrected Air Tag Reading: CO ADC [285.0], Offset CO ADC [285.0], Corrected CO ADC [11.0], Temp ADC [153.0], Temp Correction Factor [0.9179692418658515], CO PPM [10.097661660524366], Temp C [22.709900000000005]
Feb 26, 2015 3:32:42 PM com.paconsulting.puffin.gae.business.UserManager getAirQualityRecordFor
INFO: get UDAQR: timestamp [1424964762633], morning timestamp [1424908800000]
Feb 26, 2015 3:32:42 PM com.paconsulting.puffin.gae.business.AirTagManager correctReading
INFO: Corrected Air Tag Reading: CO ADC [285.0], Offset CO ADC [285.0], Corrected CO ADC [11.0], Temp ADC [153.0], Temp Correction Factor [0.9179692418658515], CO PPM [10.097661660524366], Temp C [22.709900000000005]
Feb 26, 2015 3:32:42 PM com.paconsulting.puffin.gae.business.AirTagManager correctReading
INFO: Corrected Air Tag Reading: CO ADC [285.0], Offset CO ADC [285.0], Corrected CO ADC [11.0], Temp ADC [153.0], Temp Correction Factor [0.9179692418658515], CO PPM [10.097661660524366], Temp C [22.709900000000005]
Feb 26, 2015 3:32:42 PM com.paconsulting.puffin.gae.business.AirTagManager correctReading
INFO: Corrected Air Tag Reading: CO ADC [285.0], Offset CO ADC [285.0], Corrected CO ADC [11.0], Temp ADC [153.0], Temp Correction Factor [0.9179692418658515], CO PPM [10.097661660524366], Temp C [22.709900000000005]
Feb 26, 2015 3:32:42 PM com.paconsulting.puffin.gae.business.AirTagManager correctReading
INFO: Corrected Air Tag Reading: CO ADC [285.0], Offset CO ADC [285.0], Corrected CO ADC [11.0], Temp ADC [153.0], Temp Correction Factor [0.9179692418658515], CO PPM [10.097661660524366], Temp C [22.709900000000005]
Feb 26, 2015 3:32:42 PM com.paconsulting.puffin.gae.business.AirTagManager correctReading
INFO: Corrected Air Tag Reading: CO ADC [285.0], Offset CO ADC [285.0], Corrected CO ADC [11.0], Temp ADC [153.0], Temp Correction Factor [0.9179692418658515], CO PPM [10.097661660524366], Temp C [22.709900000000005]
Feb 26, 2015 3:32:42 PM com.paconsulting.puffin.gae.business.AirTagManager correctReading
INFO: Corrected Air Tag Reading: CO ADC [450.0], Offset CO ADC [450.0], Corrected CO ADC [54.42105263157896], Temp ADC [153.0], Temp Correction Factor [0.9179692418658515], CO PPM [49.95685242575214], Temp C [22.709900000000005]
Feb 26, 2015 3:32:42 PM com.paconsulting.puffin.gae.business.AirTagManager correctReading
INFO: Corrected Air Tag Reading: CO ADC [450.0], Offset CO ADC [450.0], Corrected CO ADC [54.42105263157896], Temp ADC [153.0], Temp Correction Factor [0.9179692418658515], CO PPM [49.95685242575214], Temp C [22.709900000000005]
Feb 26, 2015 3:32:42 PM com.paconsulting.puffin.gae.business.AirTagManager correctReading
INFO: Corrected Air Tag Reading: CO ADC [450.0], Offset CO ADC [450.0], Corrected CO ADC [54.42105263157896], Temp ADC [153.0], Temp Correction Factor [0.9179692418658515], CO PPM [49.95685242575214], Temp C [22.709900000000005]
Feb 26, 2015 3:32:42 PM com.paconsulting.puffin.gae.business.AirTagManager correctReading
INFO: Corrected Air Tag Reading: CO ADC [450.0], Offset CO ADC [450.0], Corrected CO ADC [54.42105263157896], Temp ADC [153.0], Temp Correction Factor [0.9179692418658515], CO PPM [49.95685242575214], Temp C [22.709900000000005]
Feb 26, 2015 3:32:42 PM com.paconsulting.puffin.gae.business.AirTagManager correctReading
INFO: Corrected Air Tag Reading: CO ADC [1100.0], Offset CO ADC [1100.0], Corrected CO ADC [225.47368421052636], Temp ADC [153.0], Temp Correction Factor [0.9179692418658515], CO PPM [206.97790695543728], Temp C [22.709900000000005]
Feb 26, 2015 3:32:42 PM com.paconsulting.puffin.gae.business.AirTagManager correctReading
INFO: Corrected Air Tag Reading: CO ADC [1100.0], Offset CO ADC [1100.0], Corrected CO ADC [225.47368421052636], Temp ADC [153.0], Temp Correction Factor [0.9179692418658515], CO PPM [206.97790695543728], Temp C [22.709900000000005]
Feb 26, 2015 3:32:42 PM com.paconsulting.puffin.gae.business.AirTagManager synchronise
INFO: Synchronising (writing) [12] readings.
Feb 26, 2015 3:32:42 PM com.paconsulting.puffin.gae.business.UserManager getAirQualityRecordFor
INFO: get UDAQR: timestamp [1424964762800], morning timestamp [1424908800000]
Feb 26, 2015 3:32:42 PM com.google.appengine.api.datastore.dev.LocalDatastoreService init
INFO: Local Datastore initialized: 
	Type: Master/Slave
	Storage: In-memory
Feb 26, 2015 3:32:42 PM com.paconsulting.puffin.gae.business.AirTagManager synchronise
INFO: Synchronising Air Quality readings.  user [Forename Surname], air tag identifier [Test], air tag type [AIRTAG]
Feb 26, 2015 3:32:42 PM com.paconsulting.puffin.gae.business.AirTagManager synchronise
INFO: Air Tag Configuration [null]
Feb 26, 2015 3:32:42 PM com.paconsulting.puffin.gae.business.AirTagManager correctReading
INFO: Corrected Air Tag Reading: CO ADC [285.0], Offset CO ADC [285.0], Corrected CO ADC [11.0], Temp ADC [153.0], Temp Correction Factor [0.9179692418658515], CO PPM [10.097661660524366], Temp C [22.709900000000005]
Feb 26, 2015 3:32:42 PM com.paconsulting.puffin.gae.business.UserManager getAirQualityRecordFor
INFO: get UDAQR: timestamp [1424964762899], morning timestamp [1424908800000]
Feb 26, 2015 3:32:42 PM com.paconsulting.puffin.gae.business.AirTagManager correctReading
INFO: Corrected Air Tag Reading: CO ADC [450.0], Offset CO ADC [450.0], Corrected CO ADC [54.42105263157896], Temp ADC [153.0], Temp Correction Factor [0.9179692418658515], CO PPM [49.95685242575214], Temp C [22.709900000000005]
Feb 26, 2015 3:32:42 PM com.paconsulting.puffin.gae.business.AirTagManager correctReading
INFO: Corrected Air Tag Reading: CO ADC [1100.0], Offset CO ADC [1100.0], Corrected CO ADC [225.47368421052636], Temp ADC [153.0], Temp Correction Factor [0.9179692418658515], CO PPM [206.97790695543728], Temp C [22.709900000000005]
Feb 26, 2015 3:32:42 PM com.paconsulting.puffin.gae.business.AirTagManager synchronise
INFO: Synchronising (writing) [3] readings.
Feb 26, 2015 3:32:42 PM com.paconsulting.puffin.gae.business.UserManager getAirQualityRecordFor
INFO: get UDAQR: timestamp [1424964762974], morning timestamp [1424908800000]
Feb 26, 2015 3:32:42 PM com.paconsulting.puffin.gae.business.AirTagManager synchronise
INFO: Synchronising Air Quality readings.  user [Forename Surname], air tag identifier [Test], air tag type [AIRTAG]
Feb 26, 2015 3:32:42 PM com.paconsulting.puffin.gae.business.AirTagManager synchronise
INFO: Air Tag Configuration [null]
Feb 26, 2015 3:32:42 PM com.paconsulting.puffin.gae.business.AirTagManager correctReading
INFO: Corrected Air Tag Reading: CO ADC [285.0], Offset CO ADC [285.0], Corrected CO ADC [11.0], Temp ADC [153.0], Temp Correction Factor [0.9179692418658515], CO PPM [10.097661660524366], Temp C [22.709900000000005]
Feb 26, 2015 3:32:42 PM com.paconsulting.puffin.gae.business.UserManager getAirQualityRecordFor
INFO: get UDAQR: timestamp [1424964762979], morning timestamp [1424908800000]
Feb 26, 2015 3:32:43 PM com.paconsulting.puffin.gae.business.AirTagManager correctReading
INFO: Corrected Air Tag Reading: CO ADC [450.0], Offset CO ADC [450.0], Corrected CO ADC [54.42105263157896], Temp ADC [153.0], Temp Correction Factor [0.9179692418658515], CO PPM [49.95685242575214], Temp C [22.709900000000005]
Feb 26, 2015 3:32:43 PM com.paconsulting.puffin.gae.business.AirTagManager correctReading
INFO: Corrected Air Tag Reading: CO ADC [1100.0], Offset CO ADC [1100.0], Corrected CO ADC [225.47368421052636], Temp ADC [153.0], Temp Correction Factor [0.9179692418658515], CO PPM [206.97790695543728], Temp C [22.709900000000005]
Feb 26, 2015 3:32:43 PM com.paconsulting.puffin.gae.business.AirTagManager synchronise
INFO: Synchronising (writing) [3] readings.
Feb 26, 2015 3:32:43 PM com.paconsulting.puffin.gae.business.UserManager getAirQualityRecordFor
INFO: get UDAQR: timestamp [1424964763040], morning timestamp [1424908800000]
Feb 26, 2015 3:32:43 PM com.google.appengine.api.datastore.dev.LocalDatastoreService init
INFO: Local Datastore initialized: 
	Type: Master/Slave
	Storage: In-memory
Feb 26, 2015 3:32:43 PM com.paconsulting.puffin.gae.business.AirTagManager synchronise
INFO: Synchronising Air Quality readings.  user [Forename Surname], air tag identifier [Test], air tag type [AIRTAG]
Feb 26, 2015 3:32:43 PM com.paconsulting.puffin.gae.business.AirTagManager synchronise
INFO: Air Tag Configuration [null]
Feb 26, 2015 3:32:43 PM com.paconsulting.puffin.gae.business.UserManager getAirQualityRecordFor
INFO: get UDAQR: timestamp [1424964763152], morning timestamp [1424908800000]
Feb 26, 2015 3:32:43 PM com.google.appengine.api.datastore.dev.LocalDatastoreService init
INFO: Local Datastore initialized: 
	Type: Master/Slave
	Storage: In-memory
Feb 26, 2015 3:32:43 PM com.paconsulting.puffin.gae.business.AirTagManager synchronise
INFO: Synchronising Air Quality readings.  user [Forename Surname], air tag identifier [Test], air tag type [AIRTAG]
Feb 26, 2015 3:32:43 PM com.paconsulting.puffin.gae.business.AirTagManager synchronise
INFO: Tried to synchronise a null reading list - returning null.
Feb 26, 2015 3:32:43 PM com.paconsulting.puffin.gae.business.UserManager getAirQualityRecordFor
INFO: get UDAQR: timestamp [1424964763268], morning timestamp [1424908800000]
Feb 26, 2015 3:32:43 PM com.google.appengine.api.datastore.dev.LocalDatastoreService init
INFO: Local Datastore initialized: 
	Type: Master/Slave
	Storage: In-memory
Feb 26, 2015 3:32:43 PM com.paconsulting.puffin.gae.business.AirTagManager synchronise
INFO: Synchronising Air Quality readings.  user [Forename Surname], air tag identifier [Test], air tag type [AIRTAG]
Feb 26, 2015 3:32:43 PM com.paconsulting.puffin.gae.business.AirTagManager synchronise
INFO: Air Tag Configuration [null]
Feb 26, 2015 3:32:43 PM com.paconsulting.puffin.gae.business.AirTagManager correctReading
INFO: Corrected Air Tag Reading: CO ADC [285.0], Offset CO ADC [285.0], Corrected CO ADC [11.0], Temp ADC [153.0], Temp Correction Factor [0.9179692418658515], CO PPM [10.097661660524366], Temp C [22.709900000000005]
Feb 26, 2015 3:32:43 PM com.paconsulting.puffin.gae.business.UserManager getAirQualityRecordFor
INFO: get UDAQR: timestamp [1424964763363], morning timestamp [1424908800000]
Feb 26, 2015 3:32:43 PM com.paconsulting.puffin.gae.business.AirTagManager correctReading
INFO: Corrected Air Tag Reading: CO ADC [450.0], Offset CO ADC [450.0], Corrected CO ADC [54.42105263157896], Temp ADC [153.0], Temp Correction Factor [0.9179692418658515], CO PPM [49.95685242575214], Temp C [22.709900000000005]
Feb 26, 2015 3:32:43 PM com.paconsulting.puffin.gae.business.AirTagManager correctReading
INFO: Corrected Air Tag Reading: CO ADC [1100.0], Offset CO ADC [1100.0], Corrected CO ADC [225.47368421052636], Temp ADC [153.0], Temp Correction Factor [0.9179692418658515], CO PPM [206.97790695543728], Temp C [22.709900000000005]
Feb 26, 2015 3:32:43 PM com.paconsulting.puffin.gae.business.AirTagManager synchronise
INFO: Synchronising (writing) [3] readings.
Feb 26, 2015 3:32:43 PM com.paconsulting.puffin.gae.business.UserManager getAirQualityRecordFor
INFO: get UDAQR: timestamp [1424964763435], morning timestamp [1424908800000]
Feb 26, 2015 3:32:43 PM com.paconsulting.puffin.gae.business.AirTagManager synchronise
INFO: Synchronising Air Quality readings.  user [Forename Surname], air tag identifier [Test], air tag type [AIRTAG]
Feb 26, 2015 3:32:43 PM com.paconsulting.puffin.gae.business.AirTagManager synchronise
INFO: Air Tag Configuration [null]
Feb 26, 2015 3:32:43 PM com.paconsulting.puffin.gae.business.AirTagManager synchronise
INFO: Loading (reading) [3] readings previously synchronised.
Feb 26, 2015 3:32:43 PM com.paconsulting.puffin.gae.business.UserManager getAirQualityRecordFor
INFO: get UDAQR: timestamp [1424964763516], morning timestamp [1424908800000]
Feb 26, 2015 3:32:43 PM com.google.appengine.api.datastore.dev.LocalDatastoreService init
INFO: Local Datastore initialized: 
	Type: Master/Slave
	Storage: In-memory
Feb 26, 2015 3:32:43 PM com.paconsulting.puffin.gae.business.AirTagManager synchronise
INFO: Synchronising Air Quality readings.  user [Forename Surname], air tag identifier [TEST-BEACON], air tag type [AIRBEACON]
Feb 26, 2015 3:32:43 PM com.paconsulting.puffin.gae.business.AirTagManager synchronise
INFO: Air Tag Configuration [null]
Feb 26, 2015 3:32:43 PM com.paconsulting.puffin.gae.business.AirTagManager correctReading
INFO: Corrected Air Tag Reading: CO ADC [285.0], Offset CO ADC [285.0], Corrected CO ADC [11.0], Temp ADC [153.0], Temp Correction Factor [0.9179692418658515], CO PPM [10.097661660524366], Temp C [22.709900000000005]
Feb 26, 2015 3:32:43 PM com.paconsulting.puffin.gae.business.AirTagManager correctReading
INFO: Corrected Air Tag Reading: CO ADC [285.0], Offset CO ADC [285.0], Corrected CO ADC [11.0], Temp ADC [153.0], Temp Correction Factor [0.9179692418658515], CO PPM [10.097661660524366], Temp C [22.709900000000005]
Feb 26, 2015 3:32:43 PM com.paconsulting.puffin.gae.business.AirTagManager correctReading
INFO: Corrected Air Tag Reading: CO ADC [285.0], Offset CO ADC [285.0], Corrected CO ADC [11.0], Temp ADC [153.0], Temp Correction Factor [0.9179692418658515], CO PPM [10.097661660524366], Temp C [22.709900000000005]
Feb 26, 2015 3:32:43 PM com.paconsulting.puffin.gae.business.AirTagManager correctReading
INFO: Corrected Air Tag Reading: CO ADC [285.0], Offset CO ADC [285.0], Corrected CO ADC [11.0], Temp ADC [153.0], Temp Correction Factor [0.9179692418658515], CO PPM [10.097661660524366], Temp C [22.709900000000005]
Feb 26, 2015 3:32:43 PM com.paconsulting.puffin.gae.business.AirTagManager correctReading
INFO: Corrected Air Tag Reading: CO ADC [285.0], Offset CO ADC [285.0], Corrected CO ADC [11.0], Temp ADC [153.0], Temp Correction Factor [0.9179692418658515], CO PPM [10.097661660524366], Temp C [22.709900000000005]
Feb 26, 2015 3:32:43 PM com.paconsulting.puffin.gae.business.AirTagManager correctReading
INFO: Corrected Air Tag Reading: CO ADC [285.0], Offset CO ADC [285.0], Corrected CO ADC [11.0], Temp ADC [153.0], Temp Correction Factor [0.9179692418658515], CO PPM [10.097661660524366], Temp C [22.709900000000005]
Feb 26, 2015 3:32:43 PM com.paconsulting.puffin.gae.business.AirTagManager correctReading
INFO: Corrected Air Tag Reading: CO ADC [450.0], Offset CO ADC [450.0], Corrected CO ADC [54.42105263157896], Temp ADC [153.0], Temp Correction Factor [0.9179692418658515], CO PPM [49.95685242575214], Temp C [22.709900000000005]
Feb 26, 2015 3:32:43 PM com.paconsulting.puffin.gae.business.AirTagManager correctReading
INFO: Corrected Air Tag Reading: CO ADC [450.0], Offset CO ADC [450.0], Corrected CO ADC [54.42105263157896], Temp ADC [153.0], Temp Correction Factor [0.9179692418658515], CO PPM [49.95685242575214], Temp C [22.709900000000005]
Feb 26, 2015 3:32:43 PM com.paconsulting.puffin.gae.business.AirTagManager correctReading
INFO: Corrected Air Tag Reading: CO ADC [450.0], Offset CO ADC [450.0], Corrected CO ADC [54.42105263157896], Temp ADC [153.0], Temp Correction Factor [0.9179692418658515], CO PPM [49.95685242575214], Temp C [22.709900000000005]
Feb 26, 2015 3:32:43 PM com.paconsulting.puffin.gae.business.AirTagManager correctReading
INFO: Corrected Air Tag Reading: CO ADC [450.0], Offset CO ADC [450.0], Corrected CO ADC [54.42105263157896], Temp ADC [153.0], Temp Correction Factor [0.9179692418658515], CO PPM [49.95685242575214], Temp C [22.709900000000005]
Feb 26, 2015 3:32:43 PM com.paconsulting.puffin.gae.business.AirTagManager correctReading
INFO: Corrected Air Tag Reading: CO ADC [1100.0], Offset CO ADC [1100.0], Corrected CO ADC [225.47368421052636], Temp ADC [153.0], Temp Correction Factor [0.9179692418658515], CO PPM [206.97790695543728], Temp C [22.709900000000005]
Feb 26, 2015 3:32:43 PM com.paconsulting.puffin.gae.business.AirTagManager correctReading
INFO: Corrected Air Tag Reading: CO ADC [1100.0], Offset CO ADC [1100.0], Corrected CO ADC [225.47368421052636], Temp ADC [153.0], Temp Correction Factor [0.9179692418658515], CO PPM [206.97790695543728], Temp C [22.709900000000005]
Feb 26, 2015 3:32:43 PM com.paconsulting.puffin.gae.business.AirTagManager synchronise
INFO: Synchronising (writing) [12] readings.
Feb 26, 2015 3:32:43 PM com.paconsulting.puffin.gae.business.UserManager getAirQualityRecordFor
INFO: get UDAQR: timestamp [1424964763710], morning timestamp [1424908800000]
Feb 26, 2015 3:32:43 PM com.google.appengine.api.datastore.dev.LocalDatastoreService init
INFO: Local Datastore initialized: 
	Type: Master/Slave
	Storage: In-memory
Feb 26, 2015 3:32:43 PM com.paconsulting.puffin.gae.business.AirTagManager synchronise
INFO: Synchronising Air Quality readings.  user [Forename Surname], air tag identifier [Test], air tag type [AIRTAG]
Feb 26, 2015 3:32:43 PM com.paconsulting.puffin.gae.business.AirTagManager synchronise
INFO: Air Tag Configuration [null]
Feb 26, 2015 3:32:43 PM com.paconsulting.puffin.gae.business.AirTagManager correctReading
INFO: Corrected Air Tag Reading: CO ADC [285.0], Offset CO ADC [285.0], Corrected CO ADC [11.0], Temp ADC [153.0], Temp Correction Factor [0.9179692418658515], CO PPM [10.097661660524366], Temp C [22.709900000000005]
Feb 26, 2015 3:32:43 PM com.paconsulting.puffin.gae.business.UserManager getAirQualityRecordFor
INFO: get UDAQR: timestamp [1424878363791], morning timestamp [1424822400000]
Feb 26, 2015 3:32:43 PM com.paconsulting.puffin.gae.business.AirTagManager correctReading
INFO: Corrected Air Tag Reading: CO ADC [450.0], Offset CO ADC [450.0], Corrected CO ADC [54.42105263157896], Temp ADC [153.0], Temp Correction Factor [0.9179692418658515], CO PPM [49.95685242575214], Temp C [22.709900000000005]
Feb 26, 2015 3:32:43 PM com.paconsulting.puffin.gae.business.AirTagManager correctReading
INFO: Corrected Air Tag Reading: CO ADC [450.0], Offset CO ADC [450.0], Corrected CO ADC [54.42105263157896], Temp ADC [153.0], Temp Correction Factor [0.9179692418658515], CO PPM [49.95685242575214], Temp C [22.709900000000005]
Feb 26, 2015 3:32:43 PM com.paconsulting.puffin.gae.business.AirTagManager correctReading
INFO: Corrected Air Tag Reading: CO ADC [1100.0], Offset CO ADC [1100.0], Corrected CO ADC [225.47368421052636], Temp ADC [153.0], Temp Correction Factor [0.9179692418658515], CO PPM [206.97790695543728], Temp C [22.709900000000005]
Feb 26, 2015 3:32:43 PM com.paconsulting.puffin.gae.business.AirTagManager correctReading
INFO: Corrected Air Tag Reading: CO ADC [1100.0], Offset CO ADC [1100.0], Corrected CO ADC [225.47368421052636], Temp ADC [153.0], Temp Correction Factor [0.9179692418658515], CO PPM [206.97790695543728], Temp C [22.709900000000005]
Feb 26, 2015 3:32:43 PM com.paconsulting.puffin.gae.business.AirTagManager correctReading
INFO: Corrected Air Tag Reading: CO ADC [1100.0], Offset CO ADC [1100.0], Corrected CO ADC [225.47368421052636], Temp ADC [153.0], Temp Correction Factor [0.9179692418658515], CO PPM [206.97790695543728], Temp C [22.709900000000005]
Feb 26, 2015 3:32:43 PM com.paconsulting.puffin.gae.business.AirTagManager correctReading
INFO: Corrected Air Tag Reading: CO ADC [285.0], Offset CO ADC [285.0], Corrected CO ADC [11.0], Temp ADC [153.0], Temp Correction Factor [0.9179692418658515], CO PPM [10.097661660524366], Temp C [22.709900000000005]
Feb 26, 2015 3:32:43 PM com.paconsulting.puffin.gae.business.UserManager getAirQualityRecordFor
INFO: get UDAQR: timestamp [1424964763791], morning timestamp [1424908800000]
Feb 26, 2015 3:32:43 PM com.paconsulting.puffin.gae.business.AirTagManager correctReading
INFO: Corrected Air Tag Reading: CO ADC [285.0], Offset CO ADC [285.0], Corrected CO ADC [11.0], Temp ADC [153.0], Temp Correction Factor [0.9179692418658515], CO PPM [10.097661660524366], Temp C [22.709900000000005]
Feb 26, 2015 3:32:43 PM com.paconsulting.puffin.gae.business.AirTagManager correctReading
INFO: Corrected Air Tag Reading: CO ADC [285.0], Offset CO ADC [285.0], Corrected CO ADC [11.0], Temp ADC [153.0], Temp Correction Factor [0.9179692418658515], CO PPM [10.097661660524366], Temp C [22.709900000000005]
Feb 26, 2015 3:32:43 PM com.paconsulting.puffin.gae.business.AirTagManager correctReading
INFO: Corrected Air Tag Reading: CO ADC [450.0], Offset CO ADC [450.0], Corrected CO ADC [54.42105263157896], Temp ADC [153.0], Temp Correction Factor [0.9179692418658515], CO PPM [49.95685242575214], Temp C [22.709900000000005]
Feb 26, 2015 3:32:43 PM com.paconsulting.puffin.gae.business.AirTagManager correctReading
INFO: Corrected Air Tag Reading: CO ADC [450.0], Offset CO ADC [450.0], Corrected CO ADC [54.42105263157896], Temp ADC [153.0], Temp Correction Factor [0.9179692418658515], CO PPM [49.95685242575214], Temp C [22.709900000000005]
Feb 26, 2015 3:32:43 PM com.paconsulting.puffin.gae.business.AirTagManager correctReading
INFO: Corrected Air Tag Reading: CO ADC [1100.0], Offset CO ADC [1100.0], Corrected CO ADC [225.47368421052636], Temp ADC [153.0], Temp Correction Factor [0.9179692418658515], CO PPM [206.97790695543728], Temp C [22.709900000000005]
Feb 26, 2015 3:32:43 PM com.paconsulting.puffin.gae.business.AirTagManager synchronise
INFO: Synchronising (writing) [12] readings.
Feb 26, 2015 3:32:43 PM com.paconsulting.puffin.gae.business.UserManager getAirQualityRecordFor
INFO: get UDAQR: timestamp [1424964763932], morning timestamp [1424908800000]
]]></system-err>

  </testsuite>
  <testsuite errors="0" failures="0" hostname="testing-worker-linux-40500720-1-8412-linux-6-14178809" id="1" name="TestConfigurationManager" package="com.paconsulting.puffin.gae.test.business" tests="3" time="0.275" timestamp="2015-02-26T15:32:43">
      <properties>
[...]
</properties>

      <testcase classname="com.paconsulting.puffin.gae.test.business.TestConfigurationManager" name="testGetUserConfigValue" time="0.117" />

      <testcase classname="com.paconsulting.puffin.gae.test.business.TestConfigurationManager" name="testCreateConfigValueForUser" time="0.06" />

      <testcase classname="com.paconsulting.puffin.gae.test.business.TestConfigurationManager" name="testGetSystemConfigValue" time="0.074" />

      <system-out />

      <system-err />

  </testsuite>
  <testsuite errors="0" failures="0" hostname="testing-worker-linux-40500720-1-8412-linux-6-14178809" id="2" name="TestJourneyManager" package="com.paconsulting.puffin.gae.test.business" tests="3" time="0.312" timestamp="2015-02-26T15:32:44">
      <properties>
[...]
</properties>

      <testcase classname="com.paconsulting.puffin.gae.test.business.TestJourneyManager" name="testCreateJourneySegment" time="0.104" />

      <testcase classname="com.paconsulting.puffin.gae.test.business.TestJourneyManager" name="testCreateDuplicateJourneySegment" time="0.099" />

      <testcase classname="com.paconsulting.puffin.gae.test.business.TestJourneyManager" name="testCreateJourneySegmentWithJsad" time="0.084" />

      <system-out />

      <system-err />

  </testsuite>
  <testsuite errors="0" failures="0" hostname="testing-worker-linux-40500720-1-8412-linux-6-14178809" id="3" name="TestSecurityManager" package="com.paconsulting.puffin.gae.test.business" tests="10" time="0.753" timestamp="2015-02-26T15:32:44">
      <properties>
[...]
</properties>

      <testcase classname="com.paconsulting.puffin.gae.test.business.TestSecurityManager" name="testOversightNotActiveWhenToggledOffForNonAdmin" time="0.063" />

      <testcase classname="com.paconsulting.puffin.gae.test.business.TestSecurityManager" name="testOversightNotActiveWhenToggledOffForAdmin" time="0.063" />

      <testcase classname="com.paconsulting.puffin.gae.test.business.TestSecurityManager" name="testOversightActiveWhenToggledOnForNonAdminWithNoJustificationOversight" time="0.076" />

      <testcase classname="com.paconsulting.puffin.gae.test.business.TestSecurityManager" name="testOversightActiveWhenToggledOnForNonAdminWithJustificationOversight" time="0.074" />

      <testcase classname="com.paconsulting.puffin.gae.test.business.TestSecurityManager" name="testOversightActiveWhenToggledOnForAdminWithJustificationOversight" time="0.074" />

      <testcase classname="com.paconsulting.puffin.gae.test.business.TestSecurityManager" name="testOversightActiveWhenToggledOnForNonAdminWithNoApprovalOversight" time="0.067" />

      <testcase classname="com.paconsulting.puffin.gae.test.business.TestSecurityManager" name="testOversightActiveWhenToggledOnForNonAdminWithApprovalPendingOversight" time="0.074" />

      <testcase classname="com.paconsulting.puffin.gae.test.business.TestSecurityManager" name="testOversightActiveWhenToggledOnForNonAdminWithApprovalApprovedOversight" time="0.07" />

      <testcase classname="com.paconsulting.puffin.gae.test.business.TestSecurityManager" name="testOversightActiveWhenToggledOnForAdminWithApprovalApprovedOversight" time="0.066" />

      <testcase classname="com.paconsulting.puffin.gae.test.business.TestSecurityManager" name="testOversightApproval" time="0.096" />

      <system-out />

      <system-err />

  </testsuite>
  <testsuite errors="0" failures="0" hostname="testing-worker-linux-40500720-1-8412-linux-6-14178809" id="4" name="TestUpgradeSprint2" package="com.paconsulting.puffin.gae.test.db" tests="3" time="0.213" timestamp="2015-02-26T15:32:45">
      <properties>
[...]
</properties>

      <testcase classname="com.paconsulting.puffin.gae.test.db.TestUpgradeSprint2" name="testSprint2UpgradeJourneySegment" time="0.065" />

      <testcase classname="com.paconsulting.puffin.gae.test.db.TestUpgradeSprint2" name="testSprint2UpgradeJourneySegmentTwice" time="0.067" />

      <testcase classname="com.paconsulting.puffin.gae.test.db.TestUpgradeSprint2" name="testSprint2UpgradeJourneySegmentWithDelete" time="0.06" />

      <system-out><![CDATA[<Text: [[-0.02,52.1],[-0.12,52.2&#x5d;&#x5d;&gt;
<Text: [[-0.02,52.1],[-0.12,52.2&#x5d;&#x5d;&gt;
<Text: [[-0.02,52.1],[-0.12,52.2&#x5d;&#x5d;&gt;
<Text: [[-0.02,52.1],[-0.12,52.2&#x5d;&#x5d;&gt;
<Text: [[-0.02,52.1],[-0.12,52.2&#x5d;&#x5d;&gt;
<Text: [[-0.02,52.1],[-0.12,52.2&#x5d;&#x5d;&gt;
]]></system-out>

      <system-err />

  </testsuite>
</testsuites>
